INFO:root:displayInfo ran with args: ('img already exists so nothing was done...',), and kwargs: {}
INFO:root:displayInfo ran with args: ('data already exists so nothing was done...',), and kwargs: {}
INFO:root:displayInfo ran with args: ('tmp already exists so nothing was done...',), and kwargs: {}
INFO:root:displayInfo ran with args: ('report already exists so nothing was done...',), and kwargs: {}
INFO:root:displayInfo ran with args: ('templates already exists so nothing was done...',), and kwargs: {}
INFO:root:displayInfo ran with args: ('config.ini already exists so nothing was done...',), and kwargs: {}
INFO:root:displayInfo ran with args: ('C:\\Workspace\\Quintus\\tmp\\07000178.pac-1.html was made...',), and kwargs: {}
INFO:root:displayInfo ran with args: ('C:\\Workspace\\Quintus\\tmp\\07000178.pac-1.pdf was made...',), and kwargs: {}
INFO:root:displayInfo ran with args: ('C:\\Workspace\\Quintus\\tmp\\07000178.pac-2.html was made...',), and kwargs: {}
INFO:root:displayInfo ran with args: ('C:\\Workspace\\Quintus\\tmp\\07000178.pac-2.pdf was made...',), and kwargs: {}
INFO:root:displayInfo ran with args: ('C:\\Workspace\\Quintus\\tmp\\07000178.pac-3.html was made...',), and kwargs: {}
INFO:root:displayInfo ran with args: ('C:\\Workspace\\Quintus\\tmp\\07000178.pac-3.pdf was made...',), and kwargs: {}
INFO:root:displayInfo ran with args: ('C:\\Workspace\\Quintus\\tmp\\07000178.pac-4.html was made...',), and kwargs: {}
INFO:root:displayInfo ran with args: ('C:\\Workspace\\Quintus\\tmp\\07000178.pac-4.pdf was made...',), and kwargs: {}
INFO:root:displayInfo ran with args: ('C:\\Workspace\\Quintus\\tmp\\07000178.pac-5.html was made...',), and kwargs: {}
INFO:root:displayInfo ran with args: ('C:\\Workspace\\Quintus\\tmp\\07000178.pac-5.pdf was made...',), and kwargs: {}
INFO:root:displayInfo ran with args: ('img already exists so nothing was done...',), and kwargs: {}
INFO:root:displayInfo ran with args: ('data already exists so nothing was done...',), and kwargs: {}
INFO:root:displayInfo ran with args: ('tmp already exists so nothing was done...',), and kwargs: {}
INFO:root:displayInfo ran with args: ('report already exists so nothing was done...',), and kwargs: {}
INFO:root:displayInfo ran with args: ('templates already exists so nothing was done...',), and kwargs: {}
INFO:root:displayInfo ran with args: ('config.ini already exists so nothing was done...',), and kwargs: {}
INFO:root:displayInfo ran with args: ('C:\\Workspace\\Quintus\\tmp\\07000178.pac-1.html was made...',), and kwargs: {}
INFO:root:displayInfo ran with args: ('C:\\Workspace\\Quintus\\tmp\\07000178.pac-1.pdf was made...',), and kwargs: {}
INFO:root:displayInfo ran with args: ('C:\\Workspace\\Quintus\\tmp\\07000178.pac-2.html was made...',), and kwargs: {}
INFO:root:displayInfo ran with args: ('C:\\Workspace\\Quintus\\tmp\\07000178.pac-2.pdf was made...',), and kwargs: {}
INFO:root:displayInfo ran with args: ('C:\\Workspace\\Quintus\\tmp\\07000178.pac-3.html was made...',), and kwargs: {}
INFO:root:displayInfo ran with args: ('C:\\Workspace\\Quintus\\tmp\\07000178.pac-3.pdf was made...',), and kwargs: {}
INFO:root:displayInfo ran with args: ('C:\\Workspace\\Quintus\\tmp\\07000178.pac-4.html was made...',), and kwargs: {}
INFO:root:displayInfo ran with args: ('C:\\Workspace\\Quintus\\tmp\\07000178.pac-4.pdf was made...',), and kwargs: {}
INFO:root:displayInfo ran with args: ('C:\\Workspace\\Quintus\\tmp\\07000178.pac-5.html was made...',), and kwargs: {}
INFO:root:displayInfo ran with args: ('C:\\Workspace\\Quintus\\tmp\\07000178.pac-5.pdf was made...',), and kwargs: {}
INFO:root:displayInfo ran with args: ('C:\\Workspace\\Quintus\\tmp\\07000178.pac-6.html was made...',), and kwargs: {}
INFO:root:displayInfo ran with args: ('C:\\Workspace\\Quintus\\tmp\\07000178.pac-6.pdf was made...',), and kwargs: {}
INFO:root:displayInfo ran with args: ('C:\\Workspace\\Quintus\\tmp\\07000178.pac-7.html was made...',), and kwargs: {}
INFO:root:displayInfo ran with args: ('C:\\Workspace\\Quintus\\tmp\\07000178.pac-7.pdf was made...',), and kwargs: {}
INFO:root:displayInfo ran with args: ('C:\\Workspace\\Quintus\\tmp\\07000178.pac-8.html was made...',), and kwargs: {}
INFO:root:displayInfo ran with args: ('C:\\Workspace\\Quintus\\tmp\\07000178.pac-8.pdf was made...',), and kwargs: {}
INFO:root:displayInfo ran with args: ('C:\\Workspace\\Quintus\\tmp\\07000178.pac-9.html was made...',), and kwargs: {}
INFO:root:displayInfo ran with args: ('C:\\Workspace\\Quintus\\tmp\\07000178.pac-9.pdf was made...',), and kwargs: {}
INFO:root:displayInfo ran with args: ('C:\\Workspace\\Quintus\\tmp\\07000178.pac-10.html was made...',), and kwargs: {}
INFO:root:displayInfo ran with args: ('C:\\Workspace\\Quintus\\tmp\\07000178.pac-10.pdf was made...',), and kwargs: {}
INFO:root:displayInfo ran with args: ('img already exists so nothing was done...',), and kwargs: {}
INFO:root:displayInfo ran with args: ('data already exists so nothing was done...',), and kwargs: {}
INFO:root:displayInfo ran with args: ('tmp already exists so nothing was done...',), and kwargs: {}
INFO:root:displayInfo ran with args: ('report already exists so nothing was done...',), and kwargs: {}
INFO:root:displayInfo ran with args: ('templates already exists so nothing was done...',), and kwargs: {}
INFO:root:displayInfo ran with args: ('config.ini already exists so nothing was done...',), and kwargs: {}
INFO:root:displayInfo ran with args: ('C:\\Workspace\\Quintus\\tmp\\07000178.pac-1.html was made...',), and kwargs: {}
INFO:root:displayInfo ran with args: ('C:\\Workspace\\Quintus\\tmp\\07000178.pac-1.pdf was made...',), and kwargs: {}
INFO:root:displayInfo ran with args: ('C:\\Workspace\\Quintus\\tmp\\07000178.pac-2.html was made...',), and kwargs: {}
INFO:root:displayInfo ran with args: ('C:\\Workspace\\Quintus\\tmp\\07000178.pac-2.pdf was made...',), and kwargs: {}
INFO:root:displayInfo ran with args: ('C:\\Workspace\\Quintus\\tmp\\07000178.pac-3.html was made...',), and kwargs: {}
INFO:root:displayInfo ran with args: ('C:\\Workspace\\Quintus\\tmp\\07000178.pac-3.pdf was made...',), and kwargs: {}
INFO:root:displayInfo ran with args: ('C:\\Workspace\\Quintus\\tmp\\07000178.pac-4.html was made...',), and kwargs: {}
INFO:root:displayInfo ran with args: ('C:\\Workspace\\Quintus\\tmp\\07000178.pac-4.pdf was made...',), and kwargs: {}
INFO:root:displayInfo ran with args: ('C:\\Workspace\\Quintus\\tmp\\07000178.pac-5.html was made...',), and kwargs: {}
INFO:root:displayInfo ran with args: ('C:\\Workspace\\Quintus\\tmp\\07000178.pac-5.pdf was made...',), and kwargs: {}
INFO:root:displayInfo ran with args: ('C:\\Workspace\\Quintus\\tmp\\07000178.pac-6.html was made...',), and kwargs: {}
INFO:root:displayInfo ran with args: ('C:\\Workspace\\Quintus\\tmp\\07000178.pac-6.pdf was made...',), and kwargs: {}
INFO:root:displayInfo ran with args: ('C:\\Workspace\\Quintus\\tmp\\07000178.pac-7.html was made...',), and kwargs: {}
INFO:root:displayInfo ran with args: ('C:\\Workspace\\Quintus\\tmp\\07000178.pac-7.pdf was made...',), and kwargs: {}
INFO:root:displayInfo ran with args: ('C:\\Workspace\\Quintus\\tmp\\07000178.pac-8.html was made...',), and kwargs: {}
INFO:root:displayInfo ran with args: ('C:\\Workspace\\Quintus\\tmp\\07000178.pac-8.pdf was made...',), and kwargs: {}
INFO:root:displayInfo ran with args: ('C:\\Workspace\\Quintus\\tmp\\07000178.pac-9.html was made...',), and kwargs: {}
INFO:root:displayInfo ran with args: ('C:\\Workspace\\Quintus\\tmp\\07000178.pac-9.pdf was made...',), and kwargs: {}
INFO:root:displayInfo ran with args: ('C:\\Workspace\\Quintus\\tmp\\07000178.pac-10.html was made...',), and kwargs: {}
INFO:root:displayInfo ran with args: ('C:\\Workspace\\Quintus\\tmp\\07000178.pac-10.pdf was made...',), and kwargs: {}
INFO:root:displayInfo ran with args: ('img already exists so nothing was done...',), and kwargs: {}
INFO:root:displayInfo ran with args: ('data already exists so nothing was done...',), and kwargs: {}
INFO:root:displayInfo ran with args: ('tmp already exists so nothing was done...',), and kwargs: {}
INFO:root:displayInfo ran with args: ('report already exists so nothing was done...',), and kwargs: {}
INFO:root:displayInfo ran with args: ('templates already exists so nothing was done...',), and kwargs: {}
INFO:root:displayInfo ran with args: ('config.ini already exists so nothing was done...',), and kwargs: {}
INFO:root:displayInfo ran with args: ('C:\\Workspace\\Quintus\\tmp\\07000178.pac-1.html was made...',), and kwargs: {}
INFO:root:displayInfo ran with args: ('C:\\Workspace\\Quintus\\tmp\\07000178.pac-1.pdf was made...',), and kwargs: {}
INFO:root:displayInfo ran with args: ('C:\\Workspace\\Quintus\\tmp\\07000178.pac-2.html was made...',), and kwargs: {}
INFO:root:displayInfo ran with args: ('C:\\Workspace\\Quintus\\tmp\\07000178.pac-2.pdf was made...',), and kwargs: {}
INFO:root:displayInfo ran with args: ('C:\\Workspace\\Quintus\\tmp\\07000178.pac-3.html was made...',), and kwargs: {}
INFO:root:displayInfo ran with args: ('C:\\Workspace\\Quintus\\tmp\\07000178.pac-3.pdf was made...',), and kwargs: {}
INFO:root:displayInfo ran with args: ('C:\\Workspace\\Quintus\\tmp\\07000178.pac-4.html was made...',), and kwargs: {}
INFO:root:displayInfo ran with args: ('C:\\Workspace\\Quintus\\tmp\\07000178.pac-4.pdf was made...',), and kwargs: {}
INFO:root:displayInfo ran with args: ('C:\\Workspace\\Quintus\\tmp\\07000178.pac-5.html was made...',), and kwargs: {}
INFO:root:displayInfo ran with args: ('C:\\Workspace\\Quintus\\tmp\\07000178.pac-5.pdf was made...',), and kwargs: {}
INFO:root:displayInfo ran with args: ('C:\\Workspace\\Quintus\\tmp\\07000178.pac-6.html was made...',), and kwargs: {}
INFO:root:displayInfo ran with args: ('C:\\Workspace\\Quintus\\tmp\\07000178.pac-6.pdf was made...',), and kwargs: {}
INFO:root:displayInfo ran with args: ('C:\\Workspace\\Quintus\\tmp\\07000178.pac-7.html was made...',), and kwargs: {}
INFO:root:displayInfo ran with args: ('C:\\Workspace\\Quintus\\tmp\\07000178.pac-7.pdf was made...',), and kwargs: {}
INFO:root:displayInfo ran with args: ('C:\\Workspace\\Quintus\\tmp\\07000178.pac-8.html was made...',), and kwargs: {}
INFO:root:displayInfo ran with args: ('C:\\Workspace\\Quintus\\tmp\\07000178.pac-8.pdf was made...',), and kwargs: {}
INFO:root:displayInfo ran with args: ('C:\\Workspace\\Quintus\\tmp\\07000178.pac-9.html was made...',), and kwargs: {}
INFO:root:displayInfo ran with args: ('C:\\Workspace\\Quintus\\tmp\\07000178.pac-9.pdf was made...',), and kwargs: {}
INFO:root:displayInfo ran with args: ('C:\\Workspace\\Quintus\\tmp\\07000178.pac-10.html was made...',), and kwargs: {}
INFO:root:displayInfo ran with args: ('C:\\Workspace\\Quintus\\tmp\\07000178.pac-10.pdf was made...',), and kwargs: {}
INFO:root:displayInfo ran with args: ('C:\\Workspace\\Quintus\\tmp\\07000178.pac-11.html was made...',), and kwargs: {}
INFO:root:displayInfo ran with args: ('C:\\Workspace\\Quintus\\tmp\\07000178.pac-11.pdf was made...',), and kwargs: {}
INFO:root:displayInfo ran with args: ('C:\\Workspace\\Quintus\\tmp\\07000178.pac-12.html was made...',), and kwargs: {}
INFO:root:displayInfo ran with args: ('C:\\Workspace\\Quintus\\tmp\\07000178.pac-12.pdf was made...',), and kwargs: {}
INFO:root:displayInfo ran with args: ('C:\\Workspace\\Quintus\\tmp\\07000178.pac-13.html was made...',), and kwargs: {}
INFO:root:displayInfo ran with args: ('C:\\Workspace\\Quintus\\tmp\\07000178.pac-13.pdf was made...',), and kwargs: {}
INFO:root:displayInfo ran with args: ('C:\\Workspace\\Quintus\\tmp\\07000178.pac-14.html was made...',), and kwargs: {}
INFO:root:displayInfo ran with args: ('C:\\Workspace\\Quintus\\tmp\\07000178.pac-14.pdf was made...',), and kwargs: {}
INFO:root:displayInfo ran with args: ('C:\\Workspace\\Quintus\\tmp\\07000178.pac-15.html was made...',), and kwargs: {}
INFO:root:displayInfo ran with args: ('C:\\Workspace\\Quintus\\tmp\\07000178.pac-15.pdf was made...',), and kwargs: {}
INFO:root:displayInfo ran with args: ('C:\\Workspace\\Quintus\\tmp\\07000178.pac-16.html was made...',), and kwargs: {}
INFO:root:displayInfo ran with args: ('C:\\Workspace\\Quintus\\tmp\\07000178.pac-16.pdf was made...',), and kwargs: {}
INFO:root:displayInfo ran with args: ('C:\\Workspace\\Quintus\\tmp\\07000178.pac-17.html was made...',), and kwargs: {}
INFO:root:displayInfo ran with args: ('C:\\Workspace\\Quintus\\tmp\\07000178.pac-17.pdf was made...',), and kwargs: {}
INFO:root:displayInfo ran with args: ('C:\\Workspace\\Quintus\\tmp\\07000178.pac-18.html was made...',), and kwargs: {}
INFO:root:displayInfo ran with args: ('C:\\Workspace\\Quintus\\tmp\\07000178.pac-18.pdf was made...',), and kwargs: {}
INFO:root:displayInfo ran with args: ('C:\\Workspace\\Quintus\\tmp\\07000178.pac-19.html was made...',), and kwargs: {}
INFO:root:displayInfo ran with args: ('C:\\Workspace\\Quintus\\tmp\\07000178.pac-19.pdf was made...',), and kwargs: {}
INFO:root:displayInfo ran with args: ('C:\\Workspace\\Quintus\\tmp\\07000178.pac-20.html was made...',), and kwargs: {}
INFO:root:displayInfo ran with args: ('C:\\Workspace\\Quintus\\tmp\\07000178.pac-20.pdf was made...',), and kwargs: {}
INFO:root:displayInfo ran with args: ('C:\\Workspace\\Quintus\\tmp\\07000178.pac-21.html was made...',), and kwargs: {}
INFO:root:displayInfo ran with args: ('C:\\Workspace\\Quintus\\tmp\\07000178.pac-21.pdf was made...',), and kwargs: {}
INFO:root:displayInfo ran with args: ('C:\\Workspace\\Quintus\\tmp\\07000178.pac-22.html was made...',), and kwargs: {}
INFO:root:displayInfo ran with args: ('C:\\Workspace\\Quintus\\tmp\\07000178.pac-22.pdf was made...',), and kwargs: {}
INFO:root:displayInfo ran with args: ('C:\\Workspace\\Quintus\\tmp\\07000178.pac-23.html was made...',), and kwargs: {}
INFO:root:displayInfo ran with args: ('C:\\Workspace\\Quintus\\tmp\\07000178.pac-23.pdf was made...',), and kwargs: {}
INFO:root:displayInfo ran with args: ('C:\\Workspace\\Quintus\\tmp\\07000178.pac-24.html was made...',), and kwargs: {}
INFO:root:displayInfo ran with args: ('C:\\Workspace\\Quintus\\tmp\\07000178.pac-24.pdf was made...',), and kwargs: {}
INFO:root:displayInfo ran with args: ('C:\\Workspace\\Quintus\\tmp\\07000178.pac-25.html was made...',), and kwargs: {}
INFO:root:displayInfo ran with args: ('C:\\Workspace\\Quintus\\tmp\\07000178.pac-25.pdf was made...',), and kwargs: {}
INFO:root:displayInfo ran with args: ('C:\\Workspace\\Quintus\\tmp\\07000178.pac-26.html was made...',), and kwargs: {}
INFO:root:displayInfo ran with args: ('C:\\Workspace\\Quintus\\tmp\\07000178.pac-26.pdf was made...',), and kwargs: {}
INFO:root:displayInfo ran with args: ('C:\\Workspace\\Quintus\\tmp\\07000178.pac-27.html was made...',), and kwargs: {}
INFO:root:displayInfo ran with args: ('C:\\Workspace\\Quintus\\tmp\\07000178.pac-27.pdf was made...',), and kwargs: {}
INFO:root:displayInfo ran with args: ('C:\\Workspace\\Quintus\\tmp\\07000178.pac-28.html was made...',), and kwargs: {}
INFO:root:displayInfo ran with args: ('C:\\Workspace\\Quintus\\tmp\\07000178.pac-28.pdf was made...',), and kwargs: {}
INFO:root:displayInfo ran with args: ('C:\\Workspace\\Quintus\\tmp\\07000178.pac-29.html was made...',), and kwargs: {}
INFO:root:displayInfo ran with args: ('C:\\Workspace\\Quintus\\tmp\\07000178.pac-29.pdf was made...',), and kwargs: {}
INFO:root:displayInfo ran with args: ('C:\\Workspace\\Quintus\\tmp\\07000178.pac-30.html was made...',), and kwargs: {}
INFO:root:displayInfo ran with args: ('C:\\Workspace\\Quintus\\tmp\\07000178.pac-30.pdf was made...',), and kwargs: {}
INFO:root:displayInfo ran with args: ('C:\\Workspace\\Quintus\\tmp\\07000178.pac-31.html was made...',), and kwargs: {}
INFO:root:displayInfo ran with args: ('C:\\Workspace\\Quintus\\tmp\\07000178.pac-31.pdf was made...',), and kwargs: {}
INFO:root:displayInfo ran with args: ('C:\\Workspace\\Quintus\\tmp\\07000178.pac-32.html was made...',), and kwargs: {}
INFO:root:displayInfo ran with args: ('C:\\Workspace\\Quintus\\tmp\\07000178.pac-32.pdf was made...',), and kwargs: {}
INFO:root:displayInfo ran with args: ('C:\\Workspace\\Quintus\\tmp\\07000178.pac-33.html was made...',), and kwargs: {}
INFO:root:displayInfo ran with args: ('C:\\Workspace\\Quintus\\tmp\\07000178.pac-33.pdf was made...',), and kwargs: {}
INFO:root:displayInfo ran with args: ('C:\\Workspace\\Quintus\\tmp\\07000178.pac-34.html was made...',), and kwargs: {}
INFO:root:displayInfo ran with args: ('C:\\Workspace\\Quintus\\tmp\\07000178.pac-34.pdf was made...',), and kwargs: {}
INFO:root:displayInfo ran with args: ('C:\\Workspace\\Quintus\\tmp\\07000178.pac-35.html was made...',), and kwargs: {}
INFO:root:displayInfo ran with args: ('C:\\Workspace\\Quintus\\tmp\\07000178.pac-35.pdf was made...',), and kwargs: {}
INFO:root:displayInfo ran with args: ('C:\\Workspace\\Quintus\\tmp\\07000178.pac-36.html was made...',), and kwargs: {}
INFO:root:displayInfo ran with args: ('C:\\Workspace\\Quintus\\tmp\\07000178.pac-36.pdf was made...',), and kwargs: {}
INFO:root:displayInfo ran with args: ('C:\\Workspace\\Quintus\\tmp\\07000178.pac-37.html was made...',), and kwargs: {}
INFO:root:displayInfo ran with args: ('C:\\Workspace\\Quintus\\tmp\\07000178.pac-37.pdf was made...',), and kwargs: {}
INFO:root:displayInfo ran with args: ('C:\\Workspace\\Quintus\\tmp\\07000178.pac-38.html was made...',), and kwargs: {}
INFO:root:displayInfo ran with args: ('C:\\Workspace\\Quintus\\tmp\\07000178.pac-38.pdf was made...',), and kwargs: {}
INFO:root:displayInfo ran with args: ('C:\\Workspace\\Quintus\\tmp\\07000178.pac-39.html was made...',), and kwargs: {}
INFO:root:displayInfo ran with args: ('C:\\Workspace\\Quintus\\tmp\\07000178.pac-39.pdf was made...',), and kwargs: {}
INFO:root:displayInfo ran with args: ('C:\\Workspace\\Quintus\\tmp\\07000178.pac-40.html was made...',), and kwargs: {}
INFO:root:displayInfo ran with args: ('C:\\Workspace\\Quintus\\tmp\\07000178.pac-40.pdf was made...',), and kwargs: {}
INFO:root:displayInfo ran with args: ('C:\\Workspace\\Quintus\\tmp\\07000178.pac-41.html was made...',), and kwargs: {}
INFO:root:displayInfo ran with args: ('C:\\Workspace\\Quintus\\tmp\\07000178.pac-41.pdf was made...',), and kwargs: {}
INFO:root:displayInfo ran with args: ('C:\\Workspace\\Quintus\\tmp\\07000178.pac-42.html was made...',), and kwargs: {}
INFO:root:displayInfo ran with args: ('C:\\Workspace\\Quintus\\tmp\\07000178.pac-42.pdf was made...',), and kwargs: {}
INFO:root:displayInfo ran with args: ('C:\\Workspace\\Quintus\\tmp\\07000178.pac-43.html was made...',), and kwargs: {}
INFO:root:displayInfo ran with args: ('C:\\Workspace\\Quintus\\tmp\\07000178.pac-43.pdf was made...',), and kwargs: {}
INFO:root:displayInfo ran with args: ('C:\\Workspace\\Quintus\\tmp\\07000178.pac-44.html was made...',), and kwargs: {}
INFO:root:displayInfo ran with args: ('C:\\Workspace\\Quintus\\tmp\\07000178.pac-44.pdf was made...',), and kwargs: {}
INFO:root:displayInfo ran with args: ('C:\\Workspace\\Quintus\\tmp\\07000178.pac-45.html was made...',), and kwargs: {}
INFO:root:displayInfo ran with args: ('C:\\Workspace\\Quintus\\tmp\\07000178.pac-45.pdf was made...',), and kwargs: {}
INFO:root:displayInfo ran with args: ('C:\\Workspace\\Quintus\\tmp\\07000178.pac-46.html was made...',), and kwargs: {}
INFO:root:displayInfo ran with args: ('C:\\Workspace\\Quintus\\tmp\\07000178.pac-46.pdf was made...',), and kwargs: {}
INFO:root:displayInfo ran with args: ('C:\\Workspace\\Quintus\\tmp\\07000178.pac-47.html was made...',), and kwargs: {}
INFO:root:displayInfo ran with args: ('C:\\Workspace\\Quintus\\tmp\\07000178.pac-47.pdf was made...',), and kwargs: {}
INFO:root:displayInfo ran with args: ('C:\\Workspace\\Quintus\\tmp\\07000178.pac-48.html was made...',), and kwargs: {}
INFO:root:displayInfo ran with args: ('C:\\Workspace\\Quintus\\tmp\\07000178.pac-48.pdf was made...',), and kwargs: {}
INFO:root:displayInfo ran with args: ('C:\\Workspace\\Quintus\\tmp\\07000178.pac-49.html was made...',), and kwargs: {}
INFO:root:displayInfo ran with args: ('C:\\Workspace\\Quintus\\tmp\\07000178.pac-49.pdf was made...',), and kwargs: {}
INFO:root:displayInfo ran with args: ('C:\\Workspace\\Quintus\\tmp\\07000178.pac-50.html was made...',), and kwargs: {}
INFO:root:displayInfo ran with args: ('C:\\Workspace\\Quintus\\tmp\\07000178.pac-50.pdf was made...',), and kwargs: {}
INFO:root:displayInfo ran with args: ('C:\\Workspace\\Quintus\\tmp\\07000178.pac-51.html was made...',), and kwargs: {}
INFO:root:displayInfo ran with args: ('C:\\Workspace\\Quintus\\tmp\\07000178.pac-51.pdf was made...',), and kwargs: {}
INFO:root:displayInfo ran with args: ('C:\\Workspace\\Quintus\\tmp\\07000178.pac-52.html was made...',), and kwargs: {}
INFO:root:displayInfo ran with args: ('C:\\Workspace\\Quintus\\tmp\\07000178.pac-52.pdf was made...',), and kwargs: {}
INFO:root:displayInfo ran with args: ('C:\\Workspace\\Quintus\\tmp\\07000178.pac-53.html was made...',), and kwargs: {}
INFO:root:displayInfo ran with args: ('C:\\Workspace\\Quintus\\tmp\\07000178.pac-53.pdf was made...',), and kwargs: {}
INFO:root:displayInfo ran with args: ('C:\\Workspace\\Quintus\\tmp\\07000178.pac-54.html was made...',), and kwargs: {}
INFO:root:displayInfo ran with args: ('C:\\Workspace\\Quintus\\tmp\\07000178.pac-54.pdf was made...',), and kwargs: {}
INFO:root:displayInfo ran with args: ('C:\\Workspace\\Quintus\\tmp\\07000178.pac-55.html was made...',), and kwargs: {}
INFO:root:displayInfo ran with args: ('C:\\Workspace\\Quintus\\tmp\\07000178.pac-55.pdf was made...',), and kwargs: {}
INFO:root:displayInfo ran with args: ('C:\\Workspace\\Quintus\\tmp\\07000178.pac-56.html was made...',), and kwargs: {}
INFO:root:displayInfo ran with args: ('C:\\Workspace\\Quintus\\tmp\\07000178.pac-56.pdf was made...',), and kwargs: {}
INFO:root:displayInfo ran with args: ('C:\\Workspace\\Quintus\\tmp\\07000178.pac-57.html was made...',), and kwargs: {}
INFO:root:displayInfo ran with args: ('C:\\Workspace\\Quintus\\tmp\\07000178.pac-57.pdf was made...',), and kwargs: {}
INFO:root:displayInfo ran with args: ('C:\\Workspace\\Quintus\\tmp\\07000178.pac-58.html was made...',), and kwargs: {}
INFO:root:displayInfo ran with args: ('C:\\Workspace\\Quintus\\tmp\\07000178.pac-58.pdf was made...',), and kwargs: {}
INFO:root:displayInfo ran with args: ('C:\\Workspace\\Quintus\\tmp\\07000178.pac-59.html was made...',), and kwargs: {}
INFO:root:displayInfo ran with args: ('C:\\Workspace\\Quintus\\tmp\\07000178.pac-59.pdf was made...',), and kwargs: {}
INFO:root:displayInfo ran with args: ('C:\\Workspace\\Quintus\\tmp\\07000178.pac-60.html was made...',), and kwargs: {}
INFO:root:displayInfo ran with args: ('C:\\Workspace\\Quintus\\tmp\\07000178.pac-60.pdf was made...',), and kwargs: {}
INFO:root:displayInfo ran with args: ('C:\\Workspace\\Quintus\\tmp\\07000178.pac-61.html was made...',), and kwargs: {}
INFO:root:displayInfo ran with args: ('C:\\Workspace\\Quintus\\tmp\\07000178.pac-61.pdf was made...',), and kwargs: {}
INFO:root:displayInfo ran with args: ('C:\\Workspace\\Quintus\\tmp\\07000178.pac-62.html was made...',), and kwargs: {}
INFO:root:displayInfo ran with args: ('C:\\Workspace\\Quintus\\tmp\\07000178.pac-62.pdf was made...',), and kwargs: {}
INFO:root:displayInfo ran with args: ('C:\\Workspace\\Quintus\\tmp\\07000178.pac-63.html was made...',), and kwargs: {}
INFO:root:displayInfo ran with args: ('C:\\Workspace\\Quintus\\tmp\\07000178.pac-63.pdf was made...',), and kwargs: {}
INFO:root:displayInfo ran with args: ('C:\\Workspace\\Quintus\\tmp\\07000178.pac-64.html was made...',), and kwargs: {}
INFO:root:displayInfo ran with args: ('C:\\Workspace\\Quintus\\tmp\\07000178.pac-64.pdf was made...',), and kwargs: {}
INFO:root:displayInfo ran with args: ('C:\\Workspace\\Quintus\\tmp\\07000178.pac-65.html was made...',), and kwargs: {}
INFO:root:displayInfo ran with args: ('C:\\Workspace\\Quintus\\tmp\\07000178.pac-65.pdf was made...',), and kwargs: {}
INFO:root:displayInfo ran with args: ('C:\\Workspace\\Quintus\\tmp\\07000178.pac-66.html was made...',), and kwargs: {}
INFO:root:displayInfo ran with args: ('C:\\Workspace\\Quintus\\tmp\\07000178.pac-66.pdf was made...',), and kwargs: {}
INFO:root:displayInfo ran with args: ('C:\\Workspace\\Quintus\\tmp\\07000178.pac-67.html was made...',), and kwargs: {}
INFO:root:displayInfo ran with args: ('C:\\Workspace\\Quintus\\tmp\\07000178.pac-67.pdf was made...',), and kwargs: {}
INFO:root:displayInfo ran with args: ('img already exists so nothing was done...',), and kwargs: {}
INFO:root:displayInfo ran with args: ('data already exists so nothing was done...',), and kwargs: {}
INFO:root:displayInfo ran with args: ('tmp already exists so nothing was done...',), and kwargs: {}
INFO:root:displayInfo ran with args: ('report already exists so nothing was done...',), and kwargs: {}
INFO:root:displayInfo ran with args: ('templates already exists so nothing was done...',), and kwargs: {}
INFO:root:displayInfo ran with args: ('config.ini already exists so nothing was done...',), and kwargs: {}
INFO:root:displayInfo ran with args: ('C:\\Workspace\\Quintus\\tmp\\07000178.pac-1.html was made...',), and kwargs: {}
INFO:root:displayInfo ran with args: ('C:\\Workspace\\Quintus\\tmp\\07000178.pac-1.pdf was made...',), and kwargs: {}
INFO:root:displayInfo ran with args: ('C:\\Workspace\\Quintus\\tmp\\07000178.pac-2.html was made...',), and kwargs: {}
INFO:root:displayInfo ran with args: ('C:\\Workspace\\Quintus\\tmp\\07000178.pac-2.pdf was made...',), and kwargs: {}
INFO:root:displayInfo ran with args: ('C:\\Workspace\\Quintus\\tmp\\07000178.pac-3.html was made...',), and kwargs: {}
INFO:root:displayInfo ran with args: ('C:\\Workspace\\Quintus\\tmp\\07000178.pac-3.pdf was made...',), and kwargs: {}
INFO:root:displayInfo ran with args: ('C:\\Workspace\\Quintus\\tmp\\07000178.pac-4.html was made...',), and kwargs: {}
INFO:root:displayInfo ran with args: ('C:\\Workspace\\Quintus\\tmp\\07000178.pac-4.pdf was made...',), and kwargs: {}
